D:\DOCUMENTS\NIBM\FINAL PROJECT\C++\FMOLE\FMOLE\DEBUG\SEARCHR.OBJ
D:\DOCUMENTS\NIBM\FINAL PROJECT\C++\FMOLE\FMOLE\DEBUG\LOADCONTENT.OBJ
D:\DOCUMENTS\NIBM\FINAL PROJECT\C++\FMOLE\FMOLE\DEBUG\BASEF.OBJ
D:\DOCUMENTS\NIBM\FINAL PROJECT\C++\FMOLE\FMOLE\DEBUG\VC110.PDB
D:\DOCUMENTS\NIBM\FINAL PROJECT\C++\FMOLE\FMOLE\DEBUG\.NETFRAMEWORK,VERSION=V4.5.ASSEMBLYATTRIBUTES.OBJ
D:\Documents\NIBM\Final Project\C++\fMOLE\fMOLE\Debug\fMOLE.baseF.resources
D:\Documents\NIBM\Final Project\C++\fMOLE\fMOLE\Debug\fMOLE.loadContent.resources
D:\Documents\NIBM\Final Project\C++\fMOLE\fMOLE\Debug\fMOLE.searchR.resources
D:\Documents\NIBM\Final Project\C++\fMOLE\fMOLE\Debug\fMOLE.vcxproj.GenerateResource.Cache
D:\Documents\NIBM\Final Project\C++\fMOLE\fMOLE\Debug\fMOLE.vcxprojResolveAssemblyReference.cache
D:\Documents\NIBM\Final Project\C++\fMOLE\fMOLE\Debug\.NETFramework,Version=v4.5.AssemblyAttributes.obj
D:\Documents\NIBM\Final Project\C++\fMOLE\fMOLE\Debug\baseF.obj
D:\Documents\NIBM\Final Project\C++\fMOLE\fMOLE\Debug\loadContent.obj
D:\Documents\NIBM\Final Project\C++\fMOLE\fMOLE\Debug\searchR.obj
D:\Documents\NIBM\Final Project\C++\fMOLE\fMOLE\Debug\cl.command.1.tlog
D:\Documents\NIBM\Final Project\C++\fMOLE\fMOLE\Debug\CL.read.1.tlog
D:\Documents\NIBM\Final Project\C++\fMOLE\fMOLE\Debug\CL.write.1.tlog
D:\Documents\NIBM\Final Project\C++\fMOLE\fMOLE\Debug\fMOLE.write.1.tlog
D:\Documents\NIBM\Final Project\C++\fMOLE\fMOLE\Debug\link.1004-cvtres.read.1.tlog
D:\Documents\NIBM\Final Project\C++\fMOLE\fMOLE\Debug\link.1004-cvtres.write.1.tlog
D:\Documents\NIBM\Final Project\C++\fMOLE\fMOLE\Debug\link.1004-rc.read.1.tlog
D:\Documents\NIBM\Final Project\C++\fMOLE\fMOLE\Debug\link.1004-rc.write.1.tlog
D:\Documents\NIBM\Final Project\C++\fMOLE\fMOLE\Debug\link.1004.read.1.tlog
D:\Documents\NIBM\Final Project\C++\fMOLE\fMOLE\Debug\link.1004.write.1.tlog
D:\Documents\NIBM\Final Project\C++\fMOLE\fMOLE\Debug\link.1036-cvtres.read.1.tlog
D:\Documents\NIBM\Final Project\C++\fMOLE\fMOLE\Debug\link.1036-cvtres.write.1.tlog
D:\Documents\NIBM\Final Project\C++\fMOLE\fMOLE\Debug\link.1036-rc.read.1.tlog
D:\Documents\NIBM\Final Project\C++\fMOLE\fMOLE\Debug\link.1036-rc.write.1.tlog
D:\Documents\NIBM\Final Project\C++\fMOLE\fMOLE\Debug\link.1036.read.1.tlog
D:\Documents\NIBM\Final Project\C++\fMOLE\fMOLE\Debug\link.1036.write.1.tlog
D:\Documents\NIBM\Final Project\C++\fMOLE\fMOLE\Debug\link.1604-cvtres.read.1.tlog
D:\Documents\NIBM\Final Project\C++\fMOLE\fMOLE\Debug\link.1604-cvtres.write.1.tlog
D:\Documents\NIBM\Final Project\C++\fMOLE\fMOLE\Debug\link.1604-rc.read.1.tlog
D:\Documents\NIBM\Final Project\C++\fMOLE\fMOLE\Debug\link.1604-rc.write.1.tlog
D:\Documents\NIBM\Final Project\C++\fMOLE\fMOLE\Debug\link.1604.read.1.tlog
D:\Documents\NIBM\Final Project\C++\fMOLE\fMOLE\Debug\link.1604.write.1.tlog
D:\Documents\NIBM\Final Project\C++\fMOLE\fMOLE\Debug\link.172-cvtres.read.1.tlog
D:\Documents\NIBM\Final Project\C++\fMOLE\fMOLE\Debug\link.172-cvtres.write.1.tlog
D:\Documents\NIBM\Final Project\C++\fMOLE\fMOLE\Debug\link.172-rc.read.1.tlog
D:\Documents\NIBM\Final Project\C++\fMOLE\fMOLE\Debug\link.172-rc.write.1.tlog
D:\Documents\NIBM\Final Project\C++\fMOLE\fMOLE\Debug\link.172.read.1.tlog
D:\Documents\NIBM\Final Project\C++\fMOLE\fMOLE\Debug\link.172.write.1.tlog
D:\Documents\NIBM\Final Project\C++\fMOLE\fMOLE\Debug\link.1956-cvtres.read.1.tlog
D:\Documents\NIBM\Final Project\C++\fMOLE\fMOLE\Debug\link.1956-cvtres.write.1.tlog
D:\Documents\NIBM\Final Project\C++\fMOLE\fMOLE\Debug\link.1956-rc.read.1.tlog
D:\Documents\NIBM\Final Project\C++\fMOLE\fMOLE\Debug\link.1956-rc.write.1.tlog
D:\Documents\NIBM\Final Project\C++\fMOLE\fMOLE\Debug\link.1956.read.1.tlog
D:\Documents\NIBM\Final Project\C++\fMOLE\fMOLE\Debug\link.1956.write.1.tlog
D:\Documents\NIBM\Final Project\C++\fMOLE\fMOLE\Debug\link.2040-cvtres.read.1.tlog
D:\Documents\NIBM\Final Project\C++\fMOLE\fMOLE\Debug\link.2040-cvtres.write.1.tlog
D:\Documents\NIBM\Final Project\C++\fMOLE\fMOLE\Debug\link.2040-rc.read.1.tlog
D:\Documents\NIBM\Final Project\C++\fMOLE\fMOLE\Debug\link.2040-rc.write.1.tlog
D:\Documents\NIBM\Final Project\C++\fMOLE\fMOLE\Debug\link.2040.read.1.tlog
D:\Documents\NIBM\Final Project\C++\fMOLE\fMOLE\Debug\link.2040.write.1.tlog
D:\Documents\NIBM\Final Project\C++\fMOLE\fMOLE\Debug\link.2248-cvtres.read.1.tlog
D:\Documents\NIBM\Final Project\C++\fMOLE\fMOLE\Debug\link.2248-cvtres.write.1.tlog
D:\Documents\NIBM\Final Project\C++\fMOLE\fMOLE\Debug\link.2248-rc.read.1.tlog
D:\Documents\NIBM\Final Project\C++\fMOLE\fMOLE\Debug\link.2248-rc.write.1.tlog
D:\Documents\NIBM\Final Project\C++\fMOLE\fMOLE\Debug\link.2248.read.1.tlog
D:\Documents\NIBM\Final Project\C++\fMOLE\fMOLE\Debug\link.2248.write.1.tlog
D:\Documents\NIBM\Final Project\C++\fMOLE\fMOLE\Debug\link.2520-cvtres.read.1.tlog
D:\Documents\NIBM\Final Project\C++\fMOLE\fMOLE\Debug\link.2520-cvtres.write.1.tlog
D:\Documents\NIBM\Final Project\C++\fMOLE\fMOLE\Debug\link.2520-rc.read.1.tlog
D:\Documents\NIBM\Final Project\C++\fMOLE\fMOLE\Debug\link.2520-rc.write.1.tlog
D:\Documents\NIBM\Final Project\C++\fMOLE\fMOLE\Debug\link.2520.read.1.tlog
D:\Documents\NIBM\Final Project\C++\fMOLE\fMOLE\Debug\link.2520.write.1.tlog
D:\Documents\NIBM\Final Project\C++\fMOLE\fMOLE\Debug\link.2536-cvtres.read.1.tlog
D:\Documents\NIBM\Final Project\C++\fMOLE\fMOLE\Debug\link.2536-cvtres.write.1.tlog
D:\Documents\NIBM\Final Project\C++\fMOLE\fMOLE\Debug\link.2536-rc.read.1.tlog
D:\Documents\NIBM\Final Project\C++\fMOLE\fMOLE\Debug\link.2536-rc.write.1.tlog
D:\Documents\NIBM\Final Project\C++\fMOLE\fMOLE\Debug\link.2536.read.1.tlog
D:\Documents\NIBM\Final Project\C++\fMOLE\fMOLE\Debug\link.2536.write.1.tlog
D:\Documents\NIBM\Final Project\C++\fMOLE\fMOLE\Debug\link.2860-cvtres.read.1.tlog
D:\Documents\NIBM\Final Project\C++\fMOLE\fMOLE\Debug\link.2860-cvtres.write.1.tlog
D:\Documents\NIBM\Final Project\C++\fMOLE\fMOLE\Debug\link.2860-rc.read.1.tlog
D:\Documents\NIBM\Final Project\C++\fMOLE\fMOLE\Debug\link.2860-rc.write.1.tlog
D:\Documents\NIBM\Final Project\C++\fMOLE\fMOLE\Debug\link.2860.read.1.tlog
D:\Documents\NIBM\Final Project\C++\fMOLE\fMOLE\Debug\link.2860.write.1.tlog
D:\Documents\NIBM\Final Project\C++\fMOLE\fMOLE\Debug\link.2932-cvtres.read.1.tlog
D:\Documents\NIBM\Final Project\C++\fMOLE\fMOLE\Debug\link.2932-cvtres.write.1.tlog
D:\Documents\NIBM\Final Project\C++\fMOLE\fMOLE\Debug\link.2932-rc.read.1.tlog
D:\Documents\NIBM\Final Project\C++\fMOLE\fMOLE\Debug\link.2932-rc.write.1.tlog
D:\Documents\NIBM\Final Project\C++\fMOLE\fMOLE\Debug\link.2932.read.1.tlog
D:\Documents\NIBM\Final Project\C++\fMOLE\fMOLE\Debug\link.2932.write.1.tlog
D:\Documents\NIBM\Final Project\C++\fMOLE\fMOLE\Debug\link.3236-cvtres.read.1.tlog
D:\Documents\NIBM\Final Project\C++\fMOLE\fMOLE\Debug\link.3236-cvtres.write.1.tlog
D:\Documents\NIBM\Final Project\C++\fMOLE\fMOLE\Debug\link.3236-rc.read.1.tlog
D:\Documents\NIBM\Final Project\C++\fMOLE\fMOLE\Debug\link.3236-rc.write.1.tlog
D:\Documents\NIBM\Final Project\C++\fMOLE\fMOLE\Debug\link.3236.read.1.tlog
D:\Documents\NIBM\Final Project\C++\fMOLE\fMOLE\Debug\link.3236.write.1.tlog
D:\Documents\NIBM\Final Project\C++\fMOLE\fMOLE\Debug\link.3368-cvtres.read.1.tlog
D:\Documents\NIBM\Final Project\C++\fMOLE\fMOLE\Debug\link.3368-cvtres.write.1.tlog
D:\Documents\NIBM\Final Project\C++\fMOLE\fMOLE\Debug\link.3368-rc.read.1.tlog
D:\Documents\NIBM\Final Project\C++\fMOLE\fMOLE\Debug\link.3368-rc.write.1.tlog
D:\Documents\NIBM\Final Project\C++\fMOLE\fMOLE\Debug\link.3368.read.1.tlog
D:\Documents\NIBM\Final Project\C++\fMOLE\fMOLE\Debug\link.3368.write.1.tlog
D:\Documents\NIBM\Final Project\C++\fMOLE\fMOLE\Debug\link.3392-cvtres.read.1.tlog
D:\Documents\NIBM\Final Project\C++\fMOLE\fMOLE\Debug\link.3392-cvtres.write.1.tlog
D:\Documents\NIBM\Final Project\C++\fMOLE\fMOLE\Debug\link.3392-rc.read.1.tlog
D:\Documents\NIBM\Final Project\C++\fMOLE\fMOLE\Debug\link.3392-rc.write.1.tlog
D:\Documents\NIBM\Final Project\C++\fMOLE\fMOLE\Debug\link.3392.read.1.tlog
D:\Documents\NIBM\Final Project\C++\fMOLE\fMOLE\Debug\link.3392.write.1.tlog
D:\Documents\NIBM\Final Project\C++\fMOLE\fMOLE\Debug\link.3444-cvtres.read.1.tlog
D:\Documents\NIBM\Final Project\C++\fMOLE\fMOLE\Debug\link.3444-cvtres.write.1.tlog
D:\Documents\NIBM\Final Project\C++\fMOLE\fMOLE\Debug\link.3444-rc.read.1.tlog
D:\Documents\NIBM\Final Project\C++\fMOLE\fMOLE\Debug\link.3444-rc.write.1.tlog
D:\Documents\NIBM\Final Project\C++\fMOLE\fMOLE\Debug\link.3444.read.1.tlog
D:\Documents\NIBM\Final Project\C++\fMOLE\fMOLE\Debug\link.3444.write.1.tlog
D:\Documents\NIBM\Final Project\C++\fMOLE\fMOLE\Debug\link.3520-cvtres.read.1.tlog
D:\Documents\NIBM\Final Project\C++\fMOLE\fMOLE\Debug\link.3520-cvtres.write.1.tlog
D:\Documents\NIBM\Final Project\C++\fMOLE\fMOLE\Debug\link.3520-rc.read.1.tlog
D:\Documents\NIBM\Final Project\C++\fMOLE\fMOLE\Debug\link.3520-rc.write.1.tlog
D:\Documents\NIBM\Final Project\C++\fMOLE\fMOLE\Debug\link.3520.read.1.tlog
D:\Documents\NIBM\Final Project\C++\fMOLE\fMOLE\Debug\link.3520.write.1.tlog
D:\Documents\NIBM\Final Project\C++\fMOLE\fMOLE\Debug\link.3636-cvtres.read.1.tlog
D:\Documents\NIBM\Final Project\C++\fMOLE\fMOLE\Debug\link.3636-cvtres.write.1.tlog
D:\Documents\NIBM\Final Project\C++\fMOLE\fMOLE\Debug\link.3636-rc.read.1.tlog
D:\Documents\NIBM\Final Project\C++\fMOLE\fMOLE\Debug\link.3636-rc.write.1.tlog
D:\Documents\NIBM\Final Project\C++\fMOLE\fMOLE\Debug\link.3636.read.1.tlog
D:\Documents\NIBM\Final Project\C++\fMOLE\fMOLE\Debug\link.3636.write.1.tlog
D:\Documents\NIBM\Final Project\C++\fMOLE\fMOLE\Debug\link.3716-cvtres.read.1.tlog
D:\Documents\NIBM\Final Project\C++\fMOLE\fMOLE\Debug\link.3716-cvtres.write.1.tlog
D:\Documents\NIBM\Final Project\C++\fMOLE\fMOLE\Debug\link.3716-rc.read.1.tlog
D:\Documents\NIBM\Final Project\C++\fMOLE\fMOLE\Debug\link.3716-rc.write.1.tlog
D:\Documents\NIBM\Final Project\C++\fMOLE\fMOLE\Debug\link.3716.read.1.tlog
D:\Documents\NIBM\Final Project\C++\fMOLE\fMOLE\Debug\link.3716.write.1.tlog
D:\Documents\NIBM\Final Project\C++\fMOLE\fMOLE\Debug\link.3720-cvtres.read.1.tlog
D:\Documents\NIBM\Final Project\C++\fMOLE\fMOLE\Debug\link.3720-cvtres.write.1.tlog
D:\Documents\NIBM\Final Project\C++\fMOLE\fMOLE\Debug\link.3720-rc.read.1.tlog
D:\Documents\NIBM\Final Project\C++\fMOLE\fMOLE\Debug\link.3720-rc.write.1.tlog
D:\Documents\NIBM\Final Project\C++\fMOLE\fMOLE\Debug\link.3720.read.1.tlog
D:\Documents\NIBM\Final Project\C++\fMOLE\fMOLE\Debug\link.3720.write.1.tlog
D:\Documents\NIBM\Final Project\C++\fMOLE\fMOLE\Debug\link.3848-cvtres.read.1.tlog
D:\Documents\NIBM\Final Project\C++\fMOLE\fMOLE\Debug\link.3848-cvtres.write.1.tlog
D:\Documents\NIBM\Final Project\C++\fMOLE\fMOLE\Debug\link.3848-rc.read.1.tlog
D:\Documents\NIBM\Final Project\C++\fMOLE\fMOLE\Debug\link.3848-rc.write.1.tlog
D:\Documents\NIBM\Final Project\C++\fMOLE\fMOLE\Debug\link.3848.read.1.tlog
D:\Documents\NIBM\Final Project\C++\fMOLE\fMOLE\Debug\link.3848.write.1.tlog
D:\Documents\NIBM\Final Project\C++\fMOLE\fMOLE\Debug\link.3916-cvtres.read.1.tlog
D:\Documents\NIBM\Final Project\C++\fMOLE\fMOLE\Debug\link.3916-cvtres.write.1.tlog
D:\Documents\NIBM\Final Project\C++\fMOLE\fMOLE\Debug\link.3916-rc.read.1.tlog
D:\Documents\NIBM\Final Project\C++\fMOLE\fMOLE\Debug\link.3916-rc.write.1.tlog
D:\Documents\NIBM\Final Project\C++\fMOLE\fMOLE\Debug\link.3916.read.1.tlog
D:\Documents\NIBM\Final Project\C++\fMOLE\fMOLE\Debug\link.3916.write.1.tlog
D:\Documents\NIBM\Final Project\C++\fMOLE\fMOLE\Debug\link.3928-cvtres.read.1.tlog
D:\Documents\NIBM\Final Project\C++\fMOLE\fMOLE\Debug\link.3928-cvtres.write.1.tlog
D:\Documents\NIBM\Final Project\C++\fMOLE\fMOLE\Debug\link.3928-rc.read.1.tlog
D:\Documents\NIBM\Final Project\C++\fMOLE\fMOLE\Debug\link.3928-rc.write.1.tlog
D:\Documents\NIBM\Final Project\C++\fMOLE\fMOLE\Debug\link.3928.read.1.tlog
D:\Documents\NIBM\Final Project\C++\fMOLE\fMOLE\Debug\link.3928.write.1.tlog
D:\Documents\NIBM\Final Project\C++\fMOLE\fMOLE\Debug\link.3940-cvtres.read.1.tlog
D:\Documents\NIBM\Final Project\C++\fMOLE\fMOLE\Debug\link.3940-cvtres.write.1.tlog
D:\Documents\NIBM\Final Project\C++\fMOLE\fMOLE\Debug\link.3940-rc.read.1.tlog
D:\Documents\NIBM\Final Project\C++\fMOLE\fMOLE\Debug\link.3940-rc.write.1.tlog
D:\Documents\NIBM\Final Project\C++\fMOLE\fMOLE\Debug\link.3940.read.1.tlog
D:\Documents\NIBM\Final Project\C++\fMOLE\fMOLE\Debug\link.3940.write.1.tlog
D:\Documents\NIBM\Final Project\C++\fMOLE\fMOLE\Debug\link.3944-cvtres.read.1.tlog
D:\Documents\NIBM\Final Project\C++\fMOLE\fMOLE\Debug\link.3944-cvtres.write.1.tlog
D:\Documents\NIBM\Final Project\C++\fMOLE\fMOLE\Debug\link.3944-rc.read.1.tlog
D:\Documents\NIBM\Final Project\C++\fMOLE\fMOLE\Debug\link.3944-rc.write.1.tlog
D:\Documents\NIBM\Final Project\C++\fMOLE\fMOLE\Debug\link.3944.read.1.tlog
D:\Documents\NIBM\Final Project\C++\fMOLE\fMOLE\Debug\link.3944.write.1.tlog
D:\Documents\NIBM\Final Project\C++\fMOLE\fMOLE\Debug\link.4028-cvtres.read.1.tlog
D:\Documents\NIBM\Final Project\C++\fMOLE\fMOLE\Debug\link.4028-cvtres.write.1.tlog
D:\Documents\NIBM\Final Project\C++\fMOLE\fMOLE\Debug\link.4028-rc.read.1.tlog
D:\Documents\NIBM\Final Project\C++\fMOLE\fMOLE\Debug\link.4028-rc.write.1.tlog
D:\Documents\NIBM\Final Project\C++\fMOLE\fMOLE\Debug\link.4028.read.1.tlog
D:\Documents\NIBM\Final Project\C++\fMOLE\fMOLE\Debug\link.4028.write.1.tlog
D:\Documents\NIBM\Final Project\C++\fMOLE\fMOLE\Debug\link.4080-cvtres.read.1.tlog
D:\Documents\NIBM\Final Project\C++\fMOLE\fMOLE\Debug\link.4080-cvtres.write.1.tlog
D:\Documents\NIBM\Final Project\C++\fMOLE\fMOLE\Debug\link.4080-rc.read.1.tlog
D:\Documents\NIBM\Final Project\C++\fMOLE\fMOLE\Debug\link.4080-rc.write.1.tlog
D:\Documents\NIBM\Final Project\C++\fMOLE\fMOLE\Debug\link.4080.read.1.tlog
D:\Documents\NIBM\Final Project\C++\fMOLE\fMOLE\Debug\link.4080.write.1.tlog
D:\Documents\NIBM\Final Project\C++\fMOLE\fMOLE\Debug\link.580-cvtres.read.1.tlog
D:\Documents\NIBM\Final Project\C++\fMOLE\fMOLE\Debug\link.580-cvtres.write.1.tlog
D:\Documents\NIBM\Final Project\C++\fMOLE\fMOLE\Debug\link.580-rc.read.1.tlog
D:\Documents\NIBM\Final Project\C++\fMOLE\fMOLE\Debug\link.580-rc.write.1.tlog
D:\Documents\NIBM\Final Project\C++\fMOLE\fMOLE\Debug\link.580.read.1.tlog
D:\Documents\NIBM\Final Project\C++\fMOLE\fMOLE\Debug\link.580.write.1.tlog
D:\Documents\NIBM\Final Project\C++\fMOLE\fMOLE\Debug\link.608-cvtres.read.1.tlog
D:\Documents\NIBM\Final Project\C++\fMOLE\fMOLE\Debug\link.608-cvtres.write.1.tlog
D:\Documents\NIBM\Final Project\C++\fMOLE\fMOLE\Debug\link.608-rc.read.1.tlog
D:\Documents\NIBM\Final Project\C++\fMOLE\fMOLE\Debug\link.608-rc.write.1.tlog
D:\Documents\NIBM\Final Project\C++\fMOLE\fMOLE\Debug\link.608.read.1.tlog
D:\Documents\NIBM\Final Project\C++\fMOLE\fMOLE\Debug\link.608.write.1.tlog
D:\Documents\NIBM\Final Project\C++\fMOLE\fMOLE\Debug\link.64-cvtres.read.1.tlog
D:\Documents\NIBM\Final Project\C++\fMOLE\fMOLE\Debug\link.64-cvtres.write.1.tlog
D:\Documents\NIBM\Final Project\C++\fMOLE\fMOLE\Debug\link.64-rc.read.1.tlog
D:\Documents\NIBM\Final Project\C++\fMOLE\fMOLE\Debug\link.64-rc.write.1.tlog
D:\Documents\NIBM\Final Project\C++\fMOLE\fMOLE\Debug\link.64.read.1.tlog
D:\Documents\NIBM\Final Project\C++\fMOLE\fMOLE\Debug\link.64.write.1.tlog
D:\Documents\NIBM\Final Project\C++\fMOLE\fMOLE\Debug\link.684-cvtres.read.1.tlog
D:\Documents\NIBM\Final Project\C++\fMOLE\fMOLE\Debug\link.684-cvtres.write.1.tlog
D:\Documents\NIBM\Final Project\C++\fMOLE\fMOLE\Debug\link.684-rc.read.1.tlog
D:\Documents\NIBM\Final Project\C++\fMOLE\fMOLE\Debug\link.684-rc.write.1.tlog
D:\Documents\NIBM\Final Project\C++\fMOLE\fMOLE\Debug\link.684.read.1.tlog
D:\Documents\NIBM\Final Project\C++\fMOLE\fMOLE\Debug\link.684.write.1.tlog
D:\Documents\NIBM\Final Project\C++\fMOLE\fMOLE\Debug\link.700-cvtres.read.1.tlog
D:\Documents\NIBM\Final Project\C++\fMOLE\fMOLE\Debug\link.700-cvtres.write.1.tlog
D:\Documents\NIBM\Final Project\C++\fMOLE\fMOLE\Debug\link.700-rc.read.1.tlog
D:\Documents\NIBM\Final Project\C++\fMOLE\fMOLE\Debug\link.700-rc.write.1.tlog
D:\Documents\NIBM\Final Project\C++\fMOLE\fMOLE\Debug\link.700.read.1.tlog
D:\Documents\NIBM\Final Project\C++\fMOLE\fMOLE\Debug\link.700.write.1.tlog
D:\Documents\NIBM\Final Project\C++\fMOLE\fMOLE\Debug\link.command.1.tlog
D:\Documents\NIBM\Final Project\C++\fMOLE\fMOLE\Debug\link.read.1.tlog
D:\Documents\NIBM\Final Project\C++\fMOLE\fMOLE\Debug\link.write.1.tlog
D:\Documents\NIBM\Final Project\C++\fMOLE\fMOLE\Debug\metagen.read.1.tlog
D:\Documents\NIBM\Final Project\C++\fMOLE\fMOLE\Debug\metagen.write.1.tlog
D:\Documents\NIBM\Final Project\C++\fMOLE\fMOLE\Debug\vc110.pdb
D:\Documents\NIBM\Final Project\C++\fMOLE\Debug\fMOLE.pdb
D:\Documents\NIBM\Final Project\C++\fMOLE\Debug\fMOLE.exe
